TN:
SF:/Users/jeffblan/GitHub/AlexaDevTips/lambda/helper.js
FN:3,setAction
FN:8,getLocale
FN:12,getUserId
FN:16,getSpokenWords
FN:24,getResolvedWords
FN:52,getDisambiguationString
FN:62,supportsAPL
FN:90,getRandomItem
FN:95,getRandom
FN:99,isProduct
FN:103,isEntitled
FN:107,wrapSpeechcon
FN:115,changeVoice
FN:128,getIntentName
FN:134,putRepeatData
FNF:15
FNH:0
FNDA:0,setAction
FNDA:0,getLocale
FNDA:0,getUserId
FNDA:0,getSpokenWords
FNDA:0,getResolvedWords
FNDA:0,getDisambiguationString
FNDA:0,supportsAPL
FNDA:0,getRandomItem
FNDA:0,getRandom
FNDA:0,isProduct
FNDA:0,isEntitled
FNDA:0,wrapSpeechcon
FNDA:0,changeVoice
FNDA:0,getIntentName
FNDA:0,putRepeatData
DA:1,0
DA:4,0
DA:5,0
DA:9,0
DA:13,0
DA:17,0
DA:25,0
DA:31,0
DA:32,0
DA:38,0
DA:46,0
DA:49,0
DA:53,0
DA:54,0
DA:55,0
DA:56,0
DA:57,0
DA:59,0
DA:63,0
DA:74,0
DA:75,0
DA:91,0
DA:92,0
DA:96,0
DA:100,0
DA:104,0
DA:108,0
DA:116,0
DA:117,0
DA:118,0
DA:125,0
DA:129,0
DA:130,0
DA:131,0
DA:135,0
DA:136,0
DA:137,0
DA:138,0
DA:142,0
DA:147,0
DA:153,0
LF:41
LH:0
BRDA:25,0,0,0
BRDA:25,0,1,0
BRDA:38,1,0,0
BRDA:38,1,1,0
BRDA:39,2,0,0
BRDA:39,2,1,0
BRDA:39,2,2,0
BRDA:55,3,0,0
BRDA:55,3,1,0
BRDA:56,4,0,0
BRDA:56,4,1,0
BRDA:63,5,0,0
BRDA:63,5,1,0
BRDA:64,6,0,0
BRDA:64,6,1,0
BRDA:64,6,2,0
BRDA:64,6,3,0
BRDA:64,6,4,0
BRDA:64,6,5,0
BRDA:64,6,6,0
BRDA:100,7,0,0
BRDA:100,7,1,0
BRDA:104,8,0,0
BRDA:104,8,1,0
BRDA:117,9,0,0
BRDA:117,9,1,0
BRDA:129,10,0,0
BRDA:129,10,1,0
BRDA:137,11,0,0
BRDA:137,11,1,0
BRDA:137,12,0,0
BRDA:137,12,1,0
BRDA:142,13,0,0
BRDA:142,13,1,0
BRDA:143,14,0,0
BRDA:143,14,1,0
BRDA:143,14,2,0
BRF:37
BRH:0
end_of_record
TN:
SF:/Users/jeffblan/GitHub/AlexaDevTips/lambda/index.js
FN:12,(anonymous_0)
FN:17,(anonymous_1)
FN:23,(anonymous_2)
FN:29,(anonymous_3)
FN:35,(anonymous_4)
FN:41,(anonymous_5)
FN:47,(anonymous_6)
FN:53,(anonymous_7)
FN:59,(anonymous_8)
FN:65,(anonymous_9)
FN:71,(anonymous_10)
FN:77,(anonymous_11)
FN:83,(anonymous_12)
FN:89,(anonymous_13)
FN:95,(anonymous_14)
FN:102,(anonymous_15)
FN:108,(anonymous_16)
FN:117,(anonymous_17)
FN:123,(anonymous_18)
FN:129,(anonymous_19)
FN:137,(anonymous_20)
FN:142,(anonymous_21)
FN:148,(anonymous_22)
FN:151,(anonymous_23)
FN:157,(anonymous_24)
FN:169,(anonymous_25)
FNF:26
FNH:0
FNDA:0,(anonymous_0)
FNDA:0,(anonymous_1)
FNDA:0,(anonymous_2)
FNDA:0,(anonymous_3)
FNDA:0,(anonymous_4)
FNDA:0,(anonymous_5)
FNDA:0,(anonymous_6)
FNDA:0,(anonymous_7)
FNDA:0,(anonymous_8)
FNDA:0,(anonymous_9)
FNDA:0,(anonymous_10)
FNDA:0,(anonymous_11)
FNDA:0,(anonymous_12)
FNDA:0,(anonymous_13)
FNDA:0,(anonymous_14)
FNDA:0,(anonymous_15)
FNDA:0,(anonymous_16)
FNDA:0,(anonymous_17)
FNDA:0,(anonymous_18)
FNDA:0,(anonymous_19)
FNDA:0,(anonymous_20)
FNDA:0,(anonymous_21)
FNDA:0,(anonymous_22)
FNDA:0,(anonymous_23)
FNDA:0,(anonymous_24)
FNDA:0,(anonymous_25)
DA:1,0
DA:2,0
DA:3,0
DA:4,0
DA:5,0
DA:7,0
DA:8,0
DA:11,0
DA:13,0
DA:18,0
DA:22,0
DA:24,0
DA:30,0
DA:34,0
DA:36,0
DA:42,0
DA:46,0
DA:48,0
DA:54,0
DA:58,0
DA:60,0
DA:66,0
DA:70,0
DA:72,0
DA:78,0
DA:82,0
DA:84,0
DA:90,0
DA:94,0
DA:96,0
DA:103,0
DA:107,0
DA:109,0
DA:118,0
DA:122,0
DA:124,0
DA:130,0
DA:132,0
DA:136,0
DA:138,0
DA:143,0
DA:147,0
DA:149,0
DA:152,0
DA:156,0
DA:158,0
DA:161,0
DA:162,0
DA:163,0
DA:164,0
DA:168,0
DA:170,0
DA:175,0
DA:182,0
LF:54
LH:0
BRDA:7,0,0,0
BRDA:7,0,1,0
BRDA:25,1,0,0
BRDA:25,1,1,0
BRDA:37,2,0,0
BRDA:37,2,1,0
BRDA:49,3,0,0
BRDA:49,3,1,0
BRDA:61,4,0,0
BRDA:61,4,1,0
BRDA:73,5,0,0
BRDA:73,5,1,0
BRDA:85,6,0,0
BRDA:85,6,1,0
BRDA:97,7,0,0
BRDA:97,7,1,0
BRDA:110,8,0,0
BRDA:110,8,1,0
BRDA:110,8,2,0
BRF:19
BRH:0
end_of_record
TN:
SF:/Users/jeffblan/GitHub/AlexaDevTips/lambda/local-debugger.js
FN:39,(anonymous_0)
FN:52,(anonymous_1)
FN:54,(anonymous_2)
FN:57,(anonymous_3)
FN:72,getAndValidatePortNumber
FN:98,getLambdaHandlerName
FN:108,getAndValidateSkillInvokerFile
FN:122,getArgument
FNF:8
FNH:0
FNDA:0,(anonymous_0)
FNDA:0,(anonymous_1)
FNDA:0,(anonymous_2)
FNDA:0,(anonymous_3)
FNDA:0,getAndValidatePortNumber
FNDA:0,getLambdaHandlerName
FNDA:0,getAndValidateSkillInvokerFile
FNDA:0,getArgument
DA:14,0
DA:15,0
DA:17,0
DA:19,0
DA:20,0
DA:21,0
DA:22,0
DA:23,0
DA:31,0
DA:32,0
DA:33,0
DA:39,0
DA:40,0
DA:52,0
DA:53,0
DA:54,0
DA:55,0
DA:56,0
DA:57,0
DA:58,0
DA:59,0
DA:60,0
DA:73,0
DA:74,0
DA:75,0
DA:79,0
DA:80,0
DA:84,0
DA:85,0
DA:90,0
DA:99,0
DA:109,0
DA:110,0
DA:111,0
DA:113,0
DA:123,0
DA:124,0
DA:125,0
DA:126,0
DA:128,0
DA:131,0
LF:41
LH:0
BRDA:74,0,0,0
BRDA:74,0,1,0
BRDA:79,1,0,0
BRDA:79,1,1,0
BRDA:79,2,0,0
BRDA:79,2,1,0
BRDA:84,3,0,0
BRDA:84,3,1,0
BRDA:110,4,0,0
BRDA:110,4,1,0
BRDA:124,5,0,0
BRDA:124,5,1,0
BRDA:124,6,0,0
BRDA:124,6,1,0
BRDA:125,7,0,0
BRDA:125,7,1,0
BRF:16
BRH:0
end_of_record
TN:
SF:/Users/jeffblan/GitHub/AlexaDevTips/lambda/util.js
FN:7,getS3PreSignedUrl
FNF:1
FNH:0
FNDA:0,getS3PreSignedUrl
DA:1,0
DA:3,0
DA:7,0
DA:9,0
DA:10,0
DA:15,0
DA:16,0
LF:7
LH:0
BRF:0
BRH:0
end_of_record
TN:
SF:/Users/jeffblan/GitHub/AlexaDevTips/lambda/voices.js
FNF:0
FNH:0
DA:1,0
LF:1
LH:0
BRF:0
BRH:0
end_of_record
TN:
SF:/Users/jeffblan/GitHub/AlexaDevTips/lambda/AMAZON/HelpIntent.js
FN:4,HelpIntent
FNF:1
FNH:0
FNDA:0,HelpIntent
DA:1,0
DA:2,0
DA:5,0
DA:6,0
DA:7,0
DA:9,0
DA:10,0
DA:11,0
DA:17,0
LF:9
LH:0
BRF:0
BRH:0
end_of_record
TN:
SF:/Users/jeffblan/GitHub/AlexaDevTips/lambda/AMAZON/RepeatIntent.js
FN:1,RepeatIntent
FNF:1
FNH:0
FNDA:0,RepeatIntent
DA:2,0
DA:3,0
DA:7,0
DA:13,0
LF:4
LH:0
BRF:0
BRH:0
end_of_record
TN:
SF:/Users/jeffblan/GitHub/AlexaDevTips/lambda/AMAZON/StopIntent.js
FN:4,StopIntent
FNF:1
FNH:0
FNDA:0,StopIntent
DA:1,0
DA:2,0
DA:5,0
DA:6,0
DA:7,0
DA:9,0
DA:10,0
DA:15,0
LF:8
LH:0
BRF:0
BRH:0
end_of_record
TN:
SF:/Users/jeffblan/GitHub/AlexaDevTips/lambda/AMAZON/index.js
FNF:0
FNH:0
DA:1,0
DA:2,0
DA:3,0
DA:5,0
LF:4
LH:0
BRF:0
BRH:0
end_of_record
TN:
SF:/Users/jeffblan/GitHub/AlexaDevTips/lambda/airtable/getItemByRecordId.js
FN:4,getItemByRecordId
FN:12,(anonymous_1)
FN:13,(anonymous_2)
FNF:3
FNH:0
FNDA:0,getItemByRecordId
FNDA:0,(anonymous_1)
FNDA:0,(anonymous_2)
DA:1,0
DA:2,0
DA:5,0
DA:6,0
DA:7,0
DA:11,0
DA:12,0
DA:14,0
DA:15,0
DA:19,0
LF:10
LH:0
BRF:0
BRH:0
end_of_record
TN:
SF:/Users/jeffblan/GitHub/AlexaDevTips/lambda/airtable/getRandomSpeech.js
FN:4,getRandomSpeech
FN:12,(anonymous_1)
FN:13,(anonymous_2)
FNF:3
FNH:0
FNDA:0,getRandomSpeech
FNDA:0,(anonymous_1)
FNDA:0,(anonymous_2)
DA:1,0
DA:2,0
DA:5,0
DA:6,0
DA:7,0
DA:11,0
DA:12,0
DA:14,0
DA:15,0
DA:19,0
LF:10
LH:0
BRF:0
BRH:0
end_of_record
TN:
SF:/Users/jeffblan/GitHub/AlexaDevTips/lambda/airtable/getRandomSpeechcon.js
FN:4,getRandomSpeechcon
FN:12,(anonymous_1)
FN:13,(anonymous_2)
FNF:3
FNH:0
FNDA:0,getRandomSpeechcon
FNDA:0,(anonymous_1)
FNDA:0,(anonymous_2)
DA:1,0
DA:2,0
DA:5,0
DA:6,0
DA:7,0
DA:11,0
DA:12,0
DA:14,0
DA:15,0
DA:19,0
LF:10
LH:0
BRF:0
BRH:0
end_of_record
TN:
SF:/Users/jeffblan/GitHub/AlexaDevTips/lambda/airtable/getRandomUnusedAnswer.js
FN:4,getRandomUnusedAnswer
FN:14,(anonymous_1)
FN:15,(anonymous_2)
FNF:3
FNH:0
FNDA:0,getRandomUnusedAnswer
FNDA:0,(anonymous_1)
FNDA:0,(anonymous_2)
DA:1,0
DA:2,0
DA:5,0
DA:6,0
DA:7,0
DA:8,0
DA:9,0
DA:13,0
DA:14,0
DA:16,0
DA:17,0
DA:21,0
LF:12
LH:0
BRF:0
BRH:0
end_of_record
TN:
SF:/Users/jeffblan/GitHub/AlexaDevTips/lambda/airtable/getUserRecord.js
FN:5,getUserRecord
FN:19,(anonymous_1)
FN:20,(anonymous_2)
FN:27,createUserRecord
FN:31,(anonymous_4)
FN:32,(anonymous_5)
FNF:6
FNH:0
FNDA:0,getUserRecord
FNDA:0,(anonymous_1)
FNDA:0,(anonymous_2)
FNDA:0,createUserRecord
FNDA:0,(anonymous_4)
FNDA:0,(anonymous_5)
DA:1,0
DA:2,0
DA:3,0
DA:6,0
DA:7,0
DA:9,0
DA:14,0
DA:18,0
DA:19,0
DA:21,0
DA:22,0
DA:23,0
DA:28,0
DA:31,0
DA:32,0
DA:33,0
DA:34,0
DA:35,0
DA:37,0
DA:42,0
LF:20
LH:0
BRDA:21,0,0,0
BRDA:21,0,1,0
BRDA:33,1,0,0
BRDA:33,1,1,0
BRF:4
BRH:0
end_of_record
TN:
SF:/Users/jeffblan/GitHub/AlexaDevTips/lambda/airtable/index.js
FNF:0
FNH:0
DA:1,0
DA:2,0
DA:3,0
DA:4,0
DA:5,0
DA:6,0
DA:7,0
DA:8,0
DA:10,0
LF:9
LH:0
BRF:0
BRH:0
end_of_record
TN:
SF:/Users/jeffblan/GitHub/AlexaDevTips/lambda/airtable/saveMissedValue.js
FN:3,saveMissedValue
FN:9,(anonymous_1)
FNF:2
FNH:0
FNDA:0,saveMissedValue
FNDA:0,(anonymous_1)
DA:1,0
DA:4,0
DA:5,0
DA:9,0
DA:10,0
DA:11,0
DA:12,0
DA:14,0
DA:18,0
LF:9
LH:0
BRDA:10,0,0,0
BRDA:10,0,1,0
BRF:2
BRH:0
end_of_record
TN:
SF:/Users/jeffblan/GitHub/AlexaDevTips/lambda/airtable/updateUserAnswers.js
FN:3,updateUserAnswers
FN:14,(anonymous_1)
FN:20,(anonymous_2)
FNF:3
FNH:0
FNDA:0,updateUserAnswers
FNDA:0,(anonymous_1)
FNDA:0,(anonymous_2)
DA:1,0
DA:4,0
DA:5,0
DA:6,0
DA:7,0
DA:9,0
DA:10,0
DA:11,0
DA:14,0
DA:15,0
DA:21,0
DA:22,0
DA:23,0
DA:25,0
DA:26,0
DA:33,0
LF:16
LH:0
BRDA:7,0,0,0
BRDA:7,0,1,0
BRDA:9,1,0,0
BRDA:9,1,1,0
BRDA:21,2,0,0
BRDA:21,2,1,0
BRF:6
BRH:0
end_of_record
TN:
SF:/Users/jeffblan/GitHub/AlexaDevTips/lambda/airtable/updateUserPollyVoice.js
FN:3,updateUserPollyVoice
FN:12,(anonymous_1)
FN:18,(anonymous_2)
FNF:3
FNH:0
FNDA:0,updateUserPollyVoice
FNDA:0,(anonymous_1)
FNDA:0,(anonymous_2)
DA:1,0
DA:4,0
DA:5,0
DA:6,0
DA:7,0
DA:8,0
DA:9,0
DA:12,0
DA:13,0
DA:19,0
DA:20,0
DA:21,0
DA:23,0
DA:24,0
DA:30,0
LF:15
LH:0
BRDA:7,0,0,0
BRDA:7,0,1,0
BRDA:19,1,0,0
BRDA:19,1,1,0
BRF:4
BRH:0
end_of_record
TN:
SF:/Users/jeffblan/GitHub/AlexaDevTips/lambda/handler/APLTemplateIntent.js
FN:4,APLTemplateIntent
FNF:1
FNH:0
FNDA:0,APLTemplateIntent
DA:1,0
DA:2,0
DA:5,0
DA:6,0
DA:7,0
DA:8,0
DA:9,0
DA:10,0
DA:11,0
DA:13,0
DA:14,0
DA:15,0
DA:16,0
DA:17,0
DA:24,0
DA:25,0
DA:32,0
DA:33,0
DA:34,0
DA:37,0
DA:40,0
DA:46,0
LF:22
LH:0
BRDA:13,0,0,0
BRDA:13,0,1,0
BRDA:14,1,0,0
BRDA:14,1,1,0
BRDA:14,2,0,0
BRDA:14,2,1,0
BRDA:24,3,0,0
BRDA:24,3,1,0
BRDA:24,4,0,0
BRDA:24,4,1,0
BRF:10
BRH:0
end_of_record
TN:
SF:/Users/jeffblan/GitHub/AlexaDevTips/lambda/handler/AnswerIntent.js
FN:4,AnswerIntent
FNF:1
FNH:0
FNDA:0,AnswerIntent
DA:1,0
DA:2,0
DA:5,0
DA:6,0
DA:7,0
DA:8,0
DA:9,0
DA:10,0
DA:11,0
DA:13,0
DA:14,0
DA:20,0
DA:21,0
DA:22,0
DA:23,0
DA:24,0
DA:25,0
DA:33,0
DA:34,0
DA:35,0
DA:37,0
DA:38,0
DA:39,0
DA:42,0
DA:48,0
LF:25
LH:0
BRDA:13,0,0,0
BRDA:13,0,1,0
BRDA:13,1,0,0
BRDA:13,1,1,0
BRDA:22,2,0,0
BRDA:22,2,1,0
BRDA:22,3,0,0
BRDA:22,3,1,0
BRDA:33,4,0,0
BRDA:33,4,1,0
BRF:10
BRH:0
end_of_record
TN:
SF:/Users/jeffblan/GitHub/AlexaDevTips/lambda/handler/ChangeVoiceIntent.js
FN:4,ChangeVoiceIntent
FNF:1
FNH:0
FNDA:0,ChangeVoiceIntent
DA:1,0
DA:2,0
DA:5,0
DA:6,0
DA:7,0
DA:9,0
DA:10,0
DA:11,0
DA:12,0
DA:13,0
DA:17,0
DA:20,0
DA:23,0
DA:24,0
DA:30,0
LF:15
LH:0
BRDA:12,0,0,0
BRDA:12,0,1,0
BRF:2
BRH:0
end_of_record
TN:
SF:/Users/jeffblan/GitHub/AlexaDevTips/lambda/handler/LaunchRequest.js
FN:4,LaunchRequest
FNF:1
FNH:0
FNDA:0,LaunchRequest
DA:1,0
DA:2,0
DA:5,0
DA:6,0
DA:7,0
DA:9,0
DA:14,0
DA:20,0
LF:8
LH:0
BRF:0
BRH:0
end_of_record
TN:
SF:/Users/jeffblan/GitHub/AlexaDevTips/lambda/handler/PersonalInfoIntent.js
FN:5,PersonalInfoIntent
FNF:1
FNH:0
FNDA:0,PersonalInfoIntent
DA:1,0
DA:2,0
DA:3,0
DA:6,0
DA:7,0
DA:8,0
DA:9,0
DA:11,0
DA:12,0
DA:14,0
DA:15,0
DA:17,0
DA:18,0
DA:19,0
DA:21,0
DA:24,0
DA:26,0
DA:27,0
DA:28,0
DA:30,0
DA:33,0
DA:35,0
DA:36,0
DA:37,0
DA:41,0
DA:45,0
DA:48,0
DA:50,0
DA:51,0
DA:57,0
DA:58,0
DA:62,0
DA:65,0
DA:67,0
DA:68,0
DA:69,0
DA:71,0
DA:75,0
DA:77,0
DA:78,0
DA:79,0
DA:81,0
DA:85,0
DA:87,0
DA:88,0
DA:89,0
DA:94,0
DA:98,0
DA:105,0
DA:107,0
DA:113,0
LF:51
LH:0
BRDA:14,0,0,0
BRDA:14,0,1,0
BRDA:15,1,0,0
BRDA:15,1,1,0
BRDA:15,1,2,0
BRDA:15,1,3,0
BRDA:15,1,4,0
BRDA:15,1,5,0
BRDA:15,1,6,0
BRDA:18,2,0,0
BRDA:18,2,1,0
BRDA:27,3,0,0
BRDA:27,3,1,0
BRDA:36,4,0,0
BRDA:36,4,1,0
BRDA:51,5,0,0
BRDA:51,5,1,0
BRDA:68,6,0,0
BRDA:68,6,1,0
BRDA:78,7,0,0
BRDA:78,7,1,0
BRDA:88,8,0,0
BRDA:88,8,1,0
BRF:23
BRH:0
end_of_record
TN:
SF:/Users/jeffblan/GitHub/AlexaDevTips/lambda/handler/SpeechconIntent.js
FN:4,SpeechconIntent
FNF:1
FNH:0
FNDA:0,SpeechconIntent
DA:1,0
DA:2,0
DA:5,0
DA:6,0
DA:7,0
DA:9,0
DA:10,0
DA:11,0
DA:12,0
DA:13,0
DA:14,0
DA:16,0
DA:17,0
DA:24,0
DA:30,0
LF:15
LH:0
BRDA:13,0,0,0
BRDA:13,0,1,0
BRF:2
BRH:0
end_of_record
TN:
SF:/Users/jeffblan/GitHub/AlexaDevTips/lambda/handler/error.js
FN:4,error
FNF:1
FNH:0
FNDA:0,error
DA:1,0
DA:2,0
DA:5,0
DA:6,0
DA:7,0
DA:8,0
DA:9,0
DA:10,0
DA:11,0
DA:12,0
DA:18,0
LF:11
LH:0
BRF:0
BRH:0
end_of_record
TN:
SF:/Users/jeffblan/GitHub/AlexaDevTips/lambda/handler/index.js
FNF:0
FNH:0
DA:1,0
DA:2,0
DA:3,0
DA:4,0
DA:5,0
DA:6,0
DA:7,0
DA:8,0
DA:10,0
LF:9
LH:0
BRF:0
BRH:0
end_of_record
TN:
SF:/Users/jeffblan/GitHub/AlexaDevTips/lambda/handler/intentReflector.js
FN:4,intentReflector
FNF:1
FNH:0
FNDA:0,intentReflector
DA:1,0
DA:2,0
DA:5,0
DA:6,0
DA:7,0
DA:8,0
DA:10,0
DA:11,0
DA:17,0
LF:9
LH:0
BRF:0
BRH:0
end_of_record
TN:
SF:/Users/jeffblan/GitHub/AlexaDevTips/lambda/profile/getDeviceAddress.js
FN:1,getDeviceAddress
FNF:1
FNH:0
FNDA:0,getDeviceAddress
DA:2,0
DA:3,0
DA:5,0
DA:6,0
DA:7,0
DA:8,0
DA:10,0
DA:14,0
LF:8
LH:0
BRF:0
BRH:0
end_of_record
TN:
SF:/Users/jeffblan/GitHub/AlexaDevTips/lambda/profile/getDistanceUnits.js
FN:1,getDistanceUnits
FNF:1
FNH:0
FNDA:0,getDistanceUnits
DA:2,0
DA:3,0
DA:4,0
DA:5,0
DA:8,0
LF:5
LH:0
BRF:0
BRH:0
end_of_record
TN:
SF:/Users/jeffblan/GitHub/AlexaDevTips/lambda/profile/getEmail.js
FN:1,getEmail
FNF:1
FNH:0
FNDA:0,getEmail
DA:2,0
DA:3,0
DA:4,0
DA:5,0
DA:6,0
DA:8,0
DA:12,0
LF:7
LH:0
BRF:0
BRH:0
end_of_record
TN:
SF:/Users/jeffblan/GitHub/AlexaDevTips/lambda/profile/getMobileNumber.js
FN:1,getMobileNumber
FNF:1
FNH:0
FNDA:0,getMobileNumber
DA:2,0
DA:3,0
DA:4,0
DA:5,0
DA:6,0
DA:8,0
DA:11,0
LF:7
LH:0
BRF:0
BRH:0
end_of_record
TN:
SF:/Users/jeffblan/GitHub/AlexaDevTips/lambda/profile/getName.js
FN:1,getName
FNF:1
FNH:0
FNDA:0,getName
DA:2,0
DA:3,0
DA:4,0
DA:5,0
DA:6,0
DA:8,0
DA:12,0
LF:7
LH:0
BRF:0
BRH:0
end_of_record
TN:
SF:/Users/jeffblan/GitHub/AlexaDevTips/lambda/profile/getTemperatureUnits.js
FN:1,getTemperatureUnits
FNF:1
FNH:0
FNDA:0,getTemperatureUnits
DA:2,0
DA:3,0
DA:4,0
DA:5,0
DA:8,0
LF:5
LH:0
BRF:0
BRH:0
end_of_record
TN:
SF:/Users/jeffblan/GitHub/AlexaDevTips/lambda/profile/getTimeZone.js
FN:1,getTimeZone
FNF:1
FNH:0
FNDA:0,getTimeZone
DA:2,0
DA:3,0
DA:4,0
DA:5,0
DA:8,0
LF:5
LH:0
BRF:0
BRH:0
end_of_record
TN:
SF:/Users/jeffblan/GitHub/AlexaDevTips/lambda/profile/index.js
FNF:0
FNH:0
DA:1,0
DA:2,0
DA:3,0
DA:4,0
DA:5,0
DA:6,0
DA:7,0
DA:8,0
DA:10,0
LF:9
LH:0
BRF:0
BRH:0
end_of_record
TN:
SF:/Users/jeffblan/GitHub/AlexaDevTips/lambda/profile/sendPermissionsCard.js
FN:4,sendPermissionsCard
FNF:1
FNH:0
FNDA:0,sendPermissionsCard
DA:1,0
DA:2,0
DA:5,0
DA:6,0
DA:7,0
DA:11,0
DA:13,0
DA:20,0
LF:8
LH:0
BRF:0
BRH:0
end_of_record
TN:
SF:/Users/jeffblan/GitHub/AlexaDevTips/lambda/test/launchrequest.test.js
FN:7,(anonymous_0)
FNF:1
FNH:0
FNDA:0,(anonymous_0)
DA:1,0
DA:2,0
DA:3,0
DA:7,0
DA:13,0
DA:17,0
LF:6
LH:0
BRF:0
BRH:0
end_of_record
TN:
SF:/Users/jeffblan/GitHub/AlexaDevTips/lambda/test/workingSession/foo.test.js
FN:3,(anonymous_0)
FN:4,(anonymous_1)
FNF:2
FNH:0
FNDA:0,(anonymous_0)
FNDA:0,(anonymous_1)
DA:1,0
DA:3,0
DA:4,0
DA:5,0
LF:4
LH:0
BRF:0
BRH:0
end_of_record
