{
  "numFailedTestSuites": 1,
  "numFailedTests": 1,
  "numPassedTestSuites": 0,
  "numPassedTests": 0,
  "numPendingTestSuites": 0,
  "numPendingTests": 0,
  "numRuntimeErrorTestSuites": 0,
  "numTodoTests": 0,
  "numTotalTestSuites": 1,
  "numTotalTests": 1,
  "openHandles": [],
  "snapshot": {
    "added": 0,
    "didUpdate": false,
    "failure": false,
    "filesAdded": 0,
    "filesRemoved": 0,
    "filesRemovedList": [],
    "filesUnmatched": 0,
    "filesUpdated": 0,
    "matched": 0,
    "total": 0,
    "unchecked": 0,
    "uncheckedKeysByFile": [],
    "unmatched": 0,
    "updated": 0
  },
  "startTime": 1591291244031,
  "success": false,
  "testResults": [
    {
      "failureMessage": "\u001b[1m\u001b[31m  \u001b[1m● \u001b[1mGlobal\u001b[39m\u001b[22m\n\n    bad indentation of a sequence entry at line 12, column 5:\n\u001b[2m\u001b[22m\n\u001b[2m              - request.session.attributes.pre ... \u001b[22m\n\u001b[2m              ^\u001b[22m\n",
      "leaks": false,
      "memoryUsage": 0,
      "numFailingTests": 1,
      "numPassingTests": 0,
      "numPendingTests": 0,
      "numTodoTests": 0,
      "skipped": false,
      "snapshot": {
        "added": 0,
        "fileDeleted": false,
        "matched": 0,
        "unchecked": 0,
        "uncheckedKeys": [],
        "unmatched": 0,
        "updated": 0
      },
      "testFilePath": "/Users/jeffblan/GitHub/AlexaDevTips/test/unit/index.test.yml",
      "testResults": [
        {
          "ancestorTitles": [],
          "duration": 0,
          "failureMessages": [
            "bad indentation of a sequence entry at line 12, column 5:\n        - request.session.attributes.pre ... \n        ^"
          ],
          "location": {
            "column": 0,
            "line": 0
          },
          "numPassingAsserts": 0,
          "status": "failed",
          "title": "Global"
        }
      ],
      "perfStats": {
        "end": 1591291245676,
        "start": 1591291244991
      }
    }
  ],
  "wasInterrupted": false,
  "coverageMap": {
    "/Users/jeffblan/GitHub/AlexaDevTips/lambda/local-debugger.js": {
      "path": "/Users/jeffblan/GitHub/AlexaDevTips/lambda/local-debugger.js",
      "statementMap": {
        "0": {
          "start": {
            "line": 14,
            "column": 12
          },
          "end": {
            "line": 14,
            "column": 26
          }
        },
        "1": {
          "start": {
            "line": 15,
            "column": 11
          },
          "end": {
            "line": 15,
            "column": 24
          }
        },
        "2": {
          "start": {
            "line": 17,
            "column": 22
          },
          "end": {
            "line": 17,
            "column": 40
          }
        },
        "3": {
          "start": {
            "line": 19,
            "column": 30
          },
          "end": {
            "line": 19,
            "column": 36
          }
        },
        "4": {
          "start": {
            "line": 20,
            "column": 28
          },
          "end": {
            "line": 20,
            "column": 38
          }
        },
        "5": {
          "start": {
            "line": 21,
            "column": 29
          },
          "end": {
            "line": 21,
            "column": 38
          }
        },
        "6": {
          "start": {
            "line": 22,
            "column": 18
          },
          "end": {
            "line": 22,
            "column": 29
          }
        },
        "7": {
          "start": {
            "line": 23,
            "column": 21
          },
          "end": {
            "line": 23,
            "column": 22
          }
        },
        "8": {
          "start": {
            "line": 31,
            "column": 21
          },
          "end": {
            "line": 31,
            "column": 62
          }
        },
        "9": {
          "start": {
            "line": 32,
            "column": 19
          },
          "end": {
            "line": 32,
            "column": 45
          }
        },
        "10": {
          "start": {
            "line": 33,
            "column": 26
          },
          "end": {
            "line": 33,
            "column": 48
          }
        },
        "11": {
          "start": {
            "line": 39,
            "column": 0
          },
          "end": {
            "line": 41,
            "column": 3
          }
        },
        "12": {
          "start": {
            "line": 40,
            "column": 2
          },
          "end": {
            "line": 40,
            "column": 75
          }
        },
        "13": {
          "start": {
            "line": 52,
            "column": 0
          },
          "end": {
            "line": 65,
            "column": 3
          }
        },
        "14": {
          "start": {
            "line": 53,
            "column": 2
          },
          "end": {
            "line": 53,
            "column": 79
          }
        },
        "15": {
          "start": {
            "line": 54,
            "column": 2
          },
          "end": {
            "line": 64,
            "column": 5
          }
        },
        "16": {
          "start": {
            "line": 55,
            "column": 17
          },
          "end": {
            "line": 55,
            "column": 77
          }
        },
        "17": {
          "start": {
            "line": 56,
            "column": 4
          },
          "end": {
            "line": 56,
            "column": 61
          }
        },
        "18": {
          "start": {
            "line": 57,
            "column": 4
          },
          "end": {
            "line": 63,
            "column": 7
          }
        },
        "19": {
          "start": {
            "line": 58,
            "column": 6
          },
          "end": {
            "line": 58,
            "column": 42
          }
        },
        "20": {
          "start": {
            "line": 59,
            "column": 6
          },
          "end": {
            "line": 59,
            "column": 52
          }
        },
        "21": {
          "start": {
            "line": 60,
            "column": 6
          },
          "end": {
            "line": 62,
            "column": 8
          }
        },
        "22": {
          "start": {
            "line": 73,
            "column": 29
          },
          "end": {
            "line": 73,
            "column": 76
          }
        },
        "23": {
          "start": {
            "line": 74,
            "column": 2
          },
          "end": {
            "line": 78,
            "column": 3
          }
        },
        "24": {
          "start": {
            "line": 75,
            "column": 4
          },
          "end": {
            "line": 77,
            "column": 6
          }
        },
        "25": {
          "start": {
            "line": 79,
            "column": 2
          },
          "end": {
            "line": 83,
            "column": 3
          }
        },
        "26": {
          "start": {
            "line": 80,
            "column": 4
          },
          "end": {
            "line": 82,
            "column": 6
          }
        },
        "27": {
          "start": {
            "line": 84,
            "column": 2
          },
          "end": {
            "line": 89,
            "column": 3
          }
        },
        "28": {
          "start": {
            "line": 85,
            "column": 4
          },
          "end": {
            "line": 88,
            "column": 6
          }
        },
        "29": {
          "start": {
            "line": 90,
            "column": 2
          },
          "end": {
            "line": 90,
            "column": 28
          }
        },
        "30": {
          "start": {
            "line": 99,
            "column": 2
          },
          "end": {
            "line": 99,
            "column": 60
          }
        },
        "31": {
          "start": {
            "line": 109,
            "column": 27
          },
          "end": {
            "line": 109,
            "column": 56
          }
        },
        "32": {
          "start": {
            "line": 110,
            "column": 2
          },
          "end": {
            "line": 112,
            "column": 3
          }
        },
        "33": {
          "start": {
            "line": 111,
            "column": 4
          },
          "end": {
            "line": 111,
            "column": 59
          }
        },
        "34": {
          "start": {
            "line": 113,
            "column": 2
          },
          "end": {
            "line": 113,
            "column": 26
          }
        },
        "35": {
          "start": {
            "line": 123,
            "column": 16
          },
          "end": {
            "line": 123,
            "column": 57
          }
        },
        "36": {
          "start": {
            "line": 124,
            "column": 2
          },
          "end": {
            "line": 130,
            "column": 3
          }
        },
        "37": {
          "start": {
            "line": 125,
            "column": 4
          },
          "end": {
            "line": 129,
            "column": 5
          }
        },
        "38": {
          "start": {
            "line": 126,
            "column": 6
          },
          "end": {
            "line": 126,
            "column": 75
          }
        },
        "39": {
          "start": {
            "line": 128,
            "column": 6
          },
          "end": {
            "line": 128,
            "column": 26
          }
        },
        "40": {
          "start": {
            "line": 131,
            "column": 2
          },
          "end": {
            "line": 131,
            "column": 33
          }
        }
      },
      "fnMap": {
        "0": {
          "name": "(anonymous_0)",
          "decl": {
            "start": {
              "line": 39,
              "column": 44
            },
            "end": {
              "line": 39,
              "column": 45
            }
          },
          "loc": {
            "start": {
              "line": 39,
              "column": 50
            },
            "end": {
              "line": 41,
              "column": 1
            }
          },
          "line": 39
        },
        "1": {
          "name": "(anonymous_1)",
          "decl": {
            "start": {
              "line": 52,
              "column": 31
            },
            "end": {
              "line": 52,
              "column": 32
            }
          },
          "loc": {
            "start": {
              "line": 52,
              "column": 43
            },
            "end": {
              "line": 65,
              "column": 1
            }
          },
          "line": 52
        },
        "2": {
          "name": "(anonymous_2)",
          "decl": {
            "start": {
              "line": 54,
              "column": 20
            },
            "end": {
              "line": 54,
              "column": 21
            }
          },
          "loc": {
            "start": {
              "line": 54,
              "column": 30
            },
            "end": {
              "line": 64,
              "column": 3
            }
          },
          "line": 54
        },
        "3": {
          "name": "(anonymous_3)",
          "decl": {
            "start": {
              "line": 57,
              "column": 48
            },
            "end": {
              "line": 57,
              "column": 49
            }
          },
          "loc": {
            "start": {
              "line": 57,
              "column": 74
            },
            "end": {
              "line": 63,
              "column": 5
            }
          },
          "line": 57
        },
        "4": {
          "name": "getAndValidatePortNumber",
          "decl": {
            "start": {
              "line": 72,
              "column": 9
            },
            "end": {
              "line": 72,
              "column": 33
            }
          },
          "loc": {
            "start": {
              "line": 72,
              "column": 36
            },
            "end": {
              "line": 91,
              "column": 1
            }
          },
          "line": 72
        },
        "5": {
          "name": "getLambdaHandlerName",
          "decl": {
            "start": {
              "line": 98,
              "column": 9
            },
            "end": {
              "line": 98,
              "column": 29
            }
          },
          "loc": {
            "start": {
              "line": 98,
              "column": 32
            },
            "end": {
              "line": 100,
              "column": 1
            }
          },
          "line": 98
        },
        "6": {
          "name": "getAndValidateSkillInvokerFile",
          "decl": {
            "start": {
              "line": 108,
              "column": 9
            },
            "end": {
              "line": 108,
              "column": 39
            }
          },
          "loc": {
            "start": {
              "line": 108,
              "column": 42
            },
            "end": {
              "line": 114,
              "column": 1
            }
          },
          "line": 108
        },
        "7": {
          "name": "getArgument",
          "decl": {
            "start": {
              "line": 122,
              "column": 9
            },
            "end": {
              "line": 122,
              "column": 20
            }
          },
          "loc": {
            "start": {
              "line": 122,
              "column": 49
            },
            "end": {
              "line": 132,
              "column": 1
            }
          },
          "line": 122
        }
      },
      "branchMap": {
        "0": {
          "loc": {
            "start": {
              "line": 74,
              "column": 2
            },
            "end": {
              "line": 78,
              "column": 3
            }
          },
          "type": "if",
          "locations": [
            {
              "start": {
                "line": 74,
                "column": 2
              },
              "end": {
                "line": 78,
                "column": 3
              }
            },
            {
              "start": {
                "line": 74,
                "column": 2
              },
              "end": {
                "line": 78,
                "column": 3
              }
            }
          ],
          "line": 74
        },
        "1": {
          "loc": {
            "start": {
              "line": 79,
              "column": 2
            },
            "end": {
              "line": 83,
              "column": 3
            }
          },
          "type": "if",
          "locations": [
            {
              "start": {
                "line": 79,
                "column": 2
              },
              "end": {
                "line": 83,
                "column": 3
              }
            },
            {
              "start": {
                "line": 79,
                "column": 2
              },
              "end": {
                "line": 83,
                "column": 3
              }
            }
          ],
          "line": 79
        },
        "2": {
          "loc": {
            "start": {
              "line": 79,
              "column": 6
            },
            "end": {
              "line": 79,
              "column": 58
            }
          },
          "type": "binary-expr",
          "locations": [
            {
              "start": {
                "line": 79,
                "column": 6
              },
              "end": {
                "line": 79,
                "column": 28
              }
            },
            {
              "start": {
                "line": 79,
                "column": 32
              },
              "end": {
                "line": 79,
                "column": 58
              }
            }
          ],
          "line": 79
        },
        "3": {
          "loc": {
            "start": {
              "line": 84,
              "column": 2
            },
            "end": {
              "line": 89,
              "column": 3
            }
          },
          "type": "if",
          "locations": [
            {
              "start": {
                "line": 84,
                "column": 2
              },
              "end": {
                "line": 89,
                "column": 3
              }
            },
            {
              "start": {
                "line": 84,
                "column": 2
              },
              "end": {
                "line": 89,
                "column": 3
              }
            }
          ],
          "line": 84
        },
        "4": {
          "loc": {
            "start": {
              "line": 110,
              "column": 2
            },
            "end": {
              "line": 112,
              "column": 3
            }
          },
          "type": "if",
          "locations": [
            {
              "start": {
                "line": 110,
                "column": 2
              },
              "end": {
                "line": 112,
                "column": 3
              }
            },
            {
              "start": {
                "line": 110,
                "column": 2
              },
              "end": {
                "line": 112,
                "column": 3
              }
            }
          ],
          "line": 110
        },
        "5": {
          "loc": {
            "start": {
              "line": 124,
              "column": 2
            },
            "end": {
              "line": 130,
              "column": 3
            }
          },
          "type": "if",
          "locations": [
            {
              "start": {
                "line": 124,
                "column": 2
              },
              "end": {
                "line": 130,
                "column": 3
              }
            },
            {
              "start": {
                "line": 124,
                "column": 2
              },
              "end": {
                "line": 130,
                "column": 3
              }
            }
          ],
          "line": 124
        },
        "6": {
          "loc": {
            "start": {
              "line": 124,
              "column": 6
            },
            "end": {
              "line": 124,
              "column": 68
            }
          },
          "type": "binary-expr",
          "locations": [
            {
              "start": {
                "line": 124,
                "column": 6
              },
              "end": {
                "line": 124,
                "column": 18
              }
            },
            {
              "start": {
                "line": 124,
                "column": 22
              },
              "end": {
                "line": 124,
                "column": 68
              }
            }
          ],
          "line": 124
        },
        "7": {
          "loc": {
            "start": {
              "line": 125,
              "column": 4
            },
            "end": {
              "line": 129,
              "column": 5
            }
          },
          "type": "if",
          "locations": [
            {
              "start": {
                "line": 125,
                "column": 4
              },
              "end": {
                "line": 129,
                "column": 5
              }
            },
            {
              "start": {
                "line": 125,
                "column": 4
              },
              "end": {
                "line": 129,
                "column": 5
              }
            }
          ],
          "line": 125
        }
      },
      "s": {
        "0": 0,
        "1": 0,
        "2": 0,
        "3": 0,
        "4": 0,
        "5": 0,
        "6": 0,
        "7": 0,
        "8": 0,
        "9": 0,
        "10": 0,
        "11": 0,
        "12": 0,
        "13": 0,
        "14": 0,
        "15": 0,
        "16": 0,
        "17": 0,
        "18": 0,
        "19": 0,
        "20": 0,
        "21": 0,
        "22": 0,
        "23": 0,
        "24": 0,
        "25": 0,
        "26": 0,
        "27": 0,
        "28": 0,
        "29": 0,
        "30": 0,
        "31": 0,
        "32": 0,
        "33": 0,
        "34": 0,
        "35": 0,
        "36": 0,
        "37": 0,
        "38": 0,
        "39": 0,
        "40": 0
      },
      "f": {
        "0": 0,
        "1": 0,
        "2": 0,
        "3": 0,
        "4": 0,
        "5": 0,
        "6": 0,
        "7": 0
      },
      "b": {
        "0": [
          0,
          0
        ],
        "1": [
          0,
          0
        ],
        "2": [
          0,
          0
        ],
        "3": [
          0,
          0
        ],
        "4": [
          0,
          0
        ],
        "5": [
          0,
          0
        ],
        "6": [
          0,
          0
        ],
        "7": [
          0,
          0
        ]
      },
      "hash": "c6096d95c9fb9fa3f9c120944d95cb3edcb29b30"
    },
    "/Users/jeffblan/GitHub/AlexaDevTips/lambda/handler/AnswerIntent.js": {
      "path": "/Users/jeffblan/GitHub/AlexaDevTips/lambda/handler/AnswerIntent.js",
      "statementMap": {
        "0": {
          "start": {
            "line": 1,
            "column": 17
          },
          "end": {
            "line": 1,
            "column": 39
          }
        },
        "1": {
          "start": {
            "line": 2,
            "column": 15
          },
          "end": {
            "line": 2,
            "column": 35
          }
        },
        "2": {
          "start": {
            "line": 5,
            "column": 2
          },
          "end": {
            "line": 5,
            "column": 51
          }
        },
        "3": {
          "start": {
            "line": 6,
            "column": 2
          },
          "end": {
            "line": 6,
            "column": 49
          }
        },
        "4": {
          "start": {
            "line": 7,
            "column": 17
          },
          "end": {
            "line": 7,
            "column": 47
          }
        },
        "5": {
          "start": {
            "line": 8,
            "column": 22
          },
          "end": {
            "line": 8,
            "column": 67
          }
        },
        "6": {
          "start": {
            "line": 9,
            "column": 24
          },
          "end": {
            "line": 9,
            "column": 71
          }
        },
        "7": {
          "start": {
            "line": 10,
            "column": 20
          },
          "end": {
            "line": 10,
            "column": 22
          }
        },
        "8": {
          "start": {
            "line": 11,
            "column": 20
          },
          "end": {
            "line": 11,
            "column": 73
          }
        },
        "9": {
          "start": {
            "line": 13,
            "column": 2
          },
          "end": {
            "line": 40,
            "column": 3
          }
        },
        "10": {
          "start": {
            "line": 14,
            "column": 19
          },
          "end": {
            "line": 18,
            "column": 5
          }
        },
        "11": {
          "start": {
            "line": 20,
            "column": 4
          },
          "end": {
            "line": 20,
            "column": 93
          }
        },
        "12": {
          "start": {
            "line": 21,
            "column": 4
          },
          "end": {
            "line": 21,
            "column": 72
          }
        },
        "13": {
          "start": {
            "line": 22,
            "column": 9
          },
          "end": {
            "line": 40,
            "column": 3
          }
        },
        "14": {
          "start": {
            "line": 23,
            "column": 4
          },
          "end": {
            "line": 23,
            "column": 68
          }
        },
        "15": {
          "start": {
            "line": 24,
            "column": 4
          },
          "end": {
            "line": 24,
            "column": 21
          }
        },
        "16": {
          "start": {
            "line": 25,
            "column": 4
          },
          "end": {
            "line": 29,
            "column": 9
          }
        },
        "17": {
          "start": {
            "line": 33,
            "column": 4
          },
          "end": {
            "line": 36,
            "column": 5
          }
        },
        "18": {
          "start": {
            "line": 34,
            "column": 6
          },
          "end": {
            "line": 34,
            "column": 60
          }
        },
        "19": {
          "start": {
            "line": 35,
            "column": 6
          },
          "end": {
            "line": 35,
            "column": 113
          }
        },
        "20": {
          "start": {
            "line": 37,
            "column": 19
          },
          "end": {
            "line": 37,
            "column": 69
          }
        },
        "21": {
          "start": {
            "line": 38,
            "column": 4
          },
          "end": {
            "line": 38,
            "column": 54
          }
        },
        "22": {
          "start": {
            "line": 39,
            "column": 4
          },
          "end": {
            "line": 39,
            "column": 109
          }
        },
        "23": {
          "start": {
            "line": 42,
            "column": 2
          },
          "end": {
            "line": 45,
            "column": 19
          }
        },
        "24": {
          "start": {
            "line": 48,
            "column": 0
          },
          "end": {
            "line": 48,
            "column": 30
          }
        }
      },
      "fnMap": {
        "0": {
          "name": "AnswerIntent",
          "decl": {
            "start": {
              "line": 4,
              "column": 15
            },
            "end": {
              "line": 4,
              "column": 27
            }
          },
          "loc": {
            "start": {
              "line": 4,
              "column": 42
            },
            "end": {
              "line": 46,
              "column": 1
            }
          },
          "line": 4
        }
      },
      "branchMap": {
        "0": {
          "loc": {
            "start": {
              "line": 13,
              "column": 2
            },
            "end": {
              "line": 40,
              "column": 3
            }
          },
          "type": "if",
          "locations": [
            {
              "start": {
                "line": 13,
                "column": 2
              },
              "end": {
                "line": 40,
                "column": 3
              }
            },
            {
              "start": {
                "line": 13,
                "column": 2
              },
              "end": {
                "line": 40,
                "column": 3
              }
            }
          ],
          "line": 13
        },
        "1": {
          "loc": {
            "start": {
              "line": 13,
              "column": 6
            },
            "end": {
              "line": 13,
              "column": 49
            }
          },
          "type": "binary-expr",
          "locations": [
            {
              "start": {
                "line": 13,
                "column": 6
              },
              "end": {
                "line": 13,
                "column": 19
              }
            },
            {
              "start": {
                "line": 13,
                "column": 23
              },
              "end": {
                "line": 13,
                "column": 49
              }
            }
          ],
          "line": 13
        },
        "2": {
          "loc": {
            "start": {
              "line": 22,
              "column": 9
            },
            "end": {
              "line": 40,
              "column": 3
            }
          },
          "type": "if",
          "locations": [
            {
              "start": {
                "line": 22,
                "column": 9
              },
              "end": {
                "line": 40,
                "column": 3
              }
            },
            {
              "start": {
                "line": 22,
                "column": 9
              },
              "end": {
                "line": 40,
                "column": 3
              }
            }
          ],
          "line": 22
        },
        "3": {
          "loc": {
            "start": {
              "line": 22,
              "column": 13
            },
            "end": {
              "line": 22,
              "column": 54
            }
          },
          "type": "binary-expr",
          "locations": [
            {
              "start": {
                "line": 22,
                "column": 13
              },
              "end": {
                "line": 22,
                "column": 26
              }
            },
            {
              "start": {
                "line": 22,
                "column": 30
              },
              "end": {
                "line": 22,
                "column": 54
              }
            }
          ],
          "line": 22
        },
        "4": {
          "loc": {
            "start": {
              "line": 33,
              "column": 4
            },
            "end": {
              "line": 36,
              "column": 5
            }
          },
          "type": "if",
          "locations": [
            {
              "start": {
                "line": 33,
                "column": 4
              },
              "end": {
                "line": 36,
                "column": 5
              }
            },
            {
              "start": {
                "line": 33,
                "column": 4
              },
              "end": {
                "line": 36,
                "column": 5
              }
            }
          ],
          "line": 33
        }
      },
      "s": {
        "0": 0,
        "1": 0,
        "2": 0,
        "3": 0,
        "4": 0,
        "5": 0,
        "6": 0,
        "7": 0,
        "8": 0,
        "9": 0,
        "10": 0,
        "11": 0,
        "12": 0,
        "13": 0,
        "14": 0,
        "15": 0,
        "16": 0,
        "17": 0,
        "18": 0,
        "19": 0,
        "20": 0,
        "21": 0,
        "22": 0,
        "23": 0,
        "24": 0
      },
      "f": {
        "0": 0
      },
      "b": {
        "0": [
          0,
          0
        ],
        "1": [
          0,
          0
        ],
        "2": [
          0,
          0
        ],
        "3": [
          0,
          0
        ],
        "4": [
          0,
          0
        ]
      },
      "hash": "f986fd35e20f46667d455a71ed9681cabdc46a94"
    },
    "/Users/jeffblan/GitHub/AlexaDevTips/lambda/handler/index.js": {
      "path": "/Users/jeffblan/GitHub/AlexaDevTips/lambda/handler/index.js",
      "statementMap": {
        "0": {
          "start": {
            "line": 1,
            "column": 21
          },
          "end": {
            "line": 1,
            "column": 46
          }
        },
        "1": {
          "start": {
            "line": 2,
            "column": 26
          },
          "end": {
            "line": 2,
            "column": 56
          }
        },
        "2": {
          "start": {
            "line": 3,
            "column": 26
          },
          "end": {
            "line": 3,
            "column": 56
          }
        },
        "3": {
          "start": {
            "line": 4,
            "column": 22
          },
          "end": {
            "line": 4,
            "column": 48
          }
        },
        "4": {
          "start": {
            "line": 5,
            "column": 27
          },
          "end": {
            "line": 5,
            "column": 58
          }
        },
        "5": {
          "start": {
            "line": 6,
            "column": 24
          },
          "end": {
            "line": 6,
            "column": 52
          }
        },
        "6": {
          "start": {
            "line": 7,
            "column": 14
          },
          "end": {
            "line": 7,
            "column": 32
          }
        },
        "7": {
          "start": {
            "line": 8,
            "column": 24
          },
          "end": {
            "line": 8,
            "column": 52
          }
        },
        "8": {
          "start": {
            "line": 10,
            "column": 0
          },
          "end": {
            "line": 19,
            "column": 2
          }
        }
      },
      "fnMap": {},
      "branchMap": {},
      "s": {
        "0": 0,
        "1": 0,
        "2": 0,
        "3": 0,
        "4": 0,
        "5": 0,
        "6": 0,
        "7": 0,
        "8": 0
      },
      "f": {},
      "b": {},
      "hash": "c9face149329219b2b6d91ce124664a04f660b83"
    },
    "/Users/jeffblan/GitHub/AlexaDevTips/lambda/handler/error.js": {
      "path": "/Users/jeffblan/GitHub/AlexaDevTips/lambda/handler/error.js",
      "statementMap": {
        "0": {
          "start": {
            "line": 1,
            "column": 17
          },
          "end": {
            "line": 1,
            "column": 39
          }
        },
        "1": {
          "start": {
            "line": 2,
            "column": 15
          },
          "end": {
            "line": 2,
            "column": 35
          }
        },
        "2": {
          "start": {
            "line": 5,
            "column": 2
          },
          "end": {
            "line": 5,
            "column": 44
          }
        },
        "3": {
          "start": {
            "line": 6,
            "column": 17
          },
          "end": {
            "line": 6,
            "column": 47
          }
        },
        "4": {
          "start": {
            "line": 7,
            "column": 28
          },
          "end": {
            "line": 7,
            "column": 81
          }
        },
        "5": {
          "start": {
            "line": 8,
            "column": 2
          },
          "end": {
            "line": 8,
            "column": 35
          }
        },
        "6": {
          "start": {
            "line": 9,
            "column": 2
          },
          "end": {
            "line": 9,
            "column": 47
          }
        },
        "7": {
          "start": {
            "line": 10,
            "column": 22
          },
          "end": {
            "line": 10,
            "column": 69
          }
        },
        "8": {
          "start": {
            "line": 11,
            "column": 22
          },
          "end": {
            "line": 11,
            "column": 75
          }
        },
        "9": {
          "start": {
            "line": 12,
            "column": 2
          },
          "end": {
            "line": 15,
            "column": 19
          }
        },
        "10": {
          "start": {
            "line": 18,
            "column": 0
          },
          "end": {
            "line": 18,
            "column": 23
          }
        }
      },
      "fnMap": {
        "0": {
          "name": "error",
          "decl": {
            "start": {
              "line": 4,
              "column": 15
            },
            "end": {
              "line": 4,
              "column": 20
            }
          },
          "loc": {
            "start": {
              "line": 4,
              "column": 42
            },
            "end": {
              "line": 16,
              "column": 1
            }
          },
          "line": 4
        }
      },
      "branchMap": {},
      "s": {
        "0": 0,
        "1": 0,
        "2": 0,
        "3": 0,
        "4": 0,
        "5": 0,
        "6": 0,
        "7": 0,
        "8": 0,
        "9": 0,
        "10": 0
      },
      "f": {
        "0": 0
      },
      "b": {},
      "hash": "0df0386c0d0664834fabd70820de9d98cdd6784d"
    },
    "/Users/jeffblan/GitHub/AlexaDevTips/lambda/handler/SpeechconIntent.js": {
      "path": "/Users/jeffblan/GitHub/AlexaDevTips/lambda/handler/SpeechconIntent.js",
      "statementMap": {
        "0": {
          "start": {
            "line": 1,
            "column": 17
          },
          "end": {
            "line": 1,
            "column": 39
          }
        },
        "1": {
          "start": {
            "line": 2,
            "column": 15
          },
          "end": {
            "line": 2,
            "column": 35
          }
        },
        "2": {
          "start": {
            "line": 5,
            "column": 2
          },
          "end": {
            "line": 5,
            "column": 54
          }
        },
        "3": {
          "start": {
            "line": 6,
            "column": 2
          },
          "end": {
            "line": 6,
            "column": 52
          }
        },
        "4": {
          "start": {
            "line": 7,
            "column": 15
          },
          "end": {
            "line": 7,
            "column": 45
          }
        },
        "5": {
          "start": {
            "line": 9,
            "column": 20
          },
          "end": {
            "line": 9,
            "column": 68
          }
        },
        "6": {
          "start": {
            "line": 10,
            "column": 22
          },
          "end": {
            "line": 10,
            "column": 72
          }
        },
        "7": {
          "start": {
            "line": 11,
            "column": 20
          },
          "end": {
            "line": 11,
            "column": 73
          }
        },
        "8": {
          "start": {
            "line": 12,
            "column": 20
          },
          "end": {
            "line": 12,
            "column": 22
          }
        },
        "9": {
          "start": {
            "line": 13,
            "column": 2
          },
          "end": {
            "line": 22,
            "column": 3
          }
        },
        "10": {
          "start": {
            "line": 14,
            "column": 4
          },
          "end": {
            "line": 14,
            "column": 68
          }
        },
        "11": {
          "start": {
            "line": 16,
            "column": 20
          },
          "end": {
            "line": 16,
            "column": 61
          }
        },
        "12": {
          "start": {
            "line": 17,
            "column": 4
          },
          "end": {
            "line": 21,
            "column": 38
          }
        },
        "13": {
          "start": {
            "line": 24,
            "column": 2
          },
          "end": {
            "line": 27,
            "column": 19
          }
        },
        "14": {
          "start": {
            "line": 30,
            "column": 0
          },
          "end": {
            "line": 30,
            "column": 33
          }
        }
      },
      "fnMap": {
        "0": {
          "name": "SpeechconIntent",
          "decl": {
            "start": {
              "line": 4,
              "column": 15
            },
            "end": {
              "line": 4,
              "column": 30
            }
          },
          "loc": {
            "start": {
              "line": 4,
              "column": 45
            },
            "end": {
              "line": 28,
              "column": 1
            }
          },
          "line": 4
        }
      },
      "branchMap": {
        "0": {
          "loc": {
            "start": {
              "line": 13,
              "column": 2
            },
            "end": {
              "line": 22,
              "column": 3
            }
          },
          "type": "if",
          "locations": [
            {
              "start": {
                "line": 13,
                "column": 2
              },
              "end": {
                "line": 22,
                "column": 3
              }
            },
            {
              "start": {
                "line": 13,
                "column": 2
              },
              "end": {
                "line": 22,
                "column": 3
              }
            }
          ],
          "line": 13
        }
      },
      "s": {
        "0": 0,
        "1": 0,
        "2": 0,
        "3": 0,
        "4": 0,
        "5": 0,
        "6": 0,
        "7": 0,
        "8": 0,
        "9": 0,
        "10": 0,
        "11": 0,
        "12": 0,
        "13": 0,
        "14": 0
      },
      "f": {
        "0": 0
      },
      "b": {
        "0": [
          0,
          0
        ]
      },
      "hash": "f457bd42e2fa53f2e662c10be01d3d668e2a852f"
    },
    "/Users/jeffblan/GitHub/AlexaDevTips/lambda/handler/LaunchRequest.js": {
      "path": "/Users/jeffblan/GitHub/AlexaDevTips/lambda/handler/LaunchRequest.js",
      "statementMap": {
        "0": {
          "start": {
            "line": 1,
            "column": 17
          },
          "end": {
            "line": 1,
            "column": 39
          }
        },
        "1": {
          "start": {
            "line": 2,
            "column": 15
          },
          "end": {
            "line": 2,
            "column": 35
          }
        },
        "2": {
          "start": {
            "line": 5,
            "column": 2
          },
          "end": {
            "line": 5,
            "column": 52
          }
        },
        "3": {
          "start": {
            "line": 6,
            "column": 2
          },
          "end": {
            "line": 6,
            "column": 50
          }
        },
        "4": {
          "start": {
            "line": 7,
            "column": 17
          },
          "end": {
            "line": 7,
            "column": 47
          }
        },
        "5": {
          "start": {
            "line": 9,
            "column": 37
          },
          "end": {
            "line": 12,
            "column": 4
          }
        },
        "6": {
          "start": {
            "line": 14,
            "column": 2
          },
          "end": {
            "line": 17,
            "column": 19
          }
        },
        "7": {
          "start": {
            "line": 20,
            "column": 0
          },
          "end": {
            "line": 20,
            "column": 31
          }
        }
      },
      "fnMap": {
        "0": {
          "name": "LaunchRequest",
          "decl": {
            "start": {
              "line": 4,
              "column": 15
            },
            "end": {
              "line": 4,
              "column": 28
            }
          },
          "loc": {
            "start": {
              "line": 4,
              "column": 43
            },
            "end": {
              "line": 18,
              "column": 1
            }
          },
          "line": 4
        }
      },
      "branchMap": {},
      "s": {
        "0": 0,
        "1": 0,
        "2": 0,
        "3": 0,
        "4": 0,
        "5": 0,
        "6": 0,
        "7": 0
      },
      "f": {
        "0": 0
      },
      "b": {},
      "hash": "af344fdaa87e59e768c7b6c4aa01107e587d6adf"
    },
    "/Users/jeffblan/GitHub/AlexaDevTips/lambda/handler/PersonalInfoIntent.js": {
      "path": "/Users/jeffblan/GitHub/AlexaDevTips/lambda/handler/PersonalInfoIntent.js",
      "statementMap": {
        "0": {
          "start": {
            "line": 1,
            "column": 17
          },
          "end": {
            "line": 1,
            "column": 39
          }
        },
        "1": {
          "start": {
            "line": 2,
            "column": 15
          },
          "end": {
            "line": 2,
            "column": 35
          }
        },
        "2": {
          "start": {
            "line": 3,
            "column": 16
          },
          "end": {
            "line": 3,
            "column": 37
          }
        },
        "3": {
          "start": {
            "line": 6,
            "column": 2
          },
          "end": {
            "line": 6,
            "column": 57
          }
        },
        "4": {
          "start": {
            "line": 7,
            "column": 2
          },
          "end": {
            "line": 7,
            "column": 55
          }
        },
        "5": {
          "start": {
            "line": 8,
            "column": 17
          },
          "end": {
            "line": 8,
            "column": 47
          }
        },
        "6": {
          "start": {
            "line": 9,
            "column": 20
          },
          "end": {
            "line": 9,
            "column": 22
          }
        },
        "7": {
          "start": {
            "line": 11,
            "column": 22
          },
          "end": {
            "line": 11,
            "column": 69
          }
        },
        "8": {
          "start": {
            "line": 12,
            "column": 24
          },
          "end": {
            "line": 12,
            "column": 73
          }
        },
        "9": {
          "start": {
            "line": 14,
            "column": 2
          },
          "end": {
            "line": 103,
            "column": 3
          }
        },
        "10": {
          "start": {
            "line": 15,
            "column": 4
          },
          "end": {
            "line": 99,
            "column": 5
          }
        },
        "11": {
          "start": {
            "line": 17,
            "column": 20
          },
          "end": {
            "line": 17,
            "column": 56
          }
        },
        "12": {
          "start": {
            "line": 18,
            "column": 8
          },
          "end": {
            "line": 23,
            "column": 13
          }
        },
        "13": {
          "start": {
            "line": 19,
            "column": 10
          },
          "end": {
            "line": 19,
            "column": 141
          }
        },
        "14": {
          "start": {
            "line": 21,
            "column": 10
          },
          "end": {
            "line": 23,
            "column": 13
          }
        },
        "15": {
          "start": {
            "line": 24,
            "column": 8
          },
          "end": {
            "line": 24,
            "column": 14
          }
        },
        "16": {
          "start": {
            "line": 26,
            "column": 19
          },
          "end": {
            "line": 26,
            "column": 54
          }
        },
        "17": {
          "start": {
            "line": 27,
            "column": 8
          },
          "end": {
            "line": 32,
            "column": 13
          }
        },
        "18": {
          "start": {
            "line": 28,
            "column": 10
          },
          "end": {
            "line": 28,
            "column": 186
          }
        },
        "19": {
          "start": {
            "line": 30,
            "column": 10
          },
          "end": {
            "line": 32,
            "column": 13
          }
        },
        "20": {
          "start": {
            "line": 33,
            "column": 8
          },
          "end": {
            "line": 33,
            "column": 14
          }
        },
        "21": {
          "start": {
            "line": 35,
            "column": 27
          },
          "end": {
            "line": 35,
            "column": 70
          }
        },
        "22": {
          "start": {
            "line": 36,
            "column": 8
          },
          "end": {
            "line": 47,
            "column": 13
          }
        },
        "23": {
          "start": {
            "line": 37,
            "column": 25
          },
          "end": {
            "line": 40,
            "column": 11
          }
        },
        "24": {
          "start": {
            "line": 41,
            "column": 10
          },
          "end": {
            "line": 43,
            "column": 62
          }
        },
        "25": {
          "start": {
            "line": 45,
            "column": 10
          },
          "end": {
            "line": 47,
            "column": 13
          }
        },
        "26": {
          "start": {
            "line": 48,
            "column": 8
          },
          "end": {
            "line": 48,
            "column": 14
          }
        },
        "27": {
          "start": {
            "line": 50,
            "column": 28
          },
          "end": {
            "line": 50,
            "column": 72
          }
        },
        "28": {
          "start": {
            "line": 51,
            "column": 8
          },
          "end": {
            "line": 64,
            "column": 13
          }
        },
        "29": {
          "start": {
            "line": 57,
            "column": 25
          },
          "end": {
            "line": 57,
            "column": 559
          }
        },
        "30": {
          "start": {
            "line": 58,
            "column": 10
          },
          "end": {
            "line": 60,
            "column": 62
          }
        },
        "31": {
          "start": {
            "line": 62,
            "column": 10
          },
          "end": {
            "line": 64,
            "column": 13
          }
        },
        "32": {
          "start": {
            "line": 65,
            "column": 8
          },
          "end": {
            "line": 65,
            "column": 14
          }
        },
        "33": {
          "start": {
            "line": 67,
            "column": 28
          },
          "end": {
            "line": 67,
            "column": 72
          }
        },
        "34": {
          "start": {
            "line": 68,
            "column": 8
          },
          "end": {
            "line": 74,
            "column": 12
          }
        },
        "35": {
          "start": {
            "line": 69,
            "column": 10
          },
          "end": {
            "line": 69,
            "column": 84
          }
        },
        "36": {
          "start": {
            "line": 71,
            "column": 10
          },
          "end": {
            "line": 74,
            "column": 12
          }
        },
        "37": {
          "start": {
            "line": 75,
            "column": 8
          },
          "end": {
            "line": 75,
            "column": 14
          }
        },
        "38": {
          "start": {
            "line": 77,
            "column": 31
          },
          "end": {
            "line": 77,
            "column": 78
          }
        },
        "39": {
          "start": {
            "line": 78,
            "column": 8
          },
          "end": {
            "line": 84,
            "column": 12
          }
        },
        "40": {
          "start": {
            "line": 79,
            "column": 10
          },
          "end": {
            "line": 79,
            "column": 84
          }
        },
        "41": {
          "start": {
            "line": 81,
            "column": 10
          },
          "end": {
            "line": 84,
            "column": 12
          }
        },
        "42": {
          "start": {
            "line": 85,
            "column": 8
          },
          "end": {
            "line": 85,
            "column": 14
          }
        },
        "43": {
          "start": {
            "line": 87,
            "column": 23
          },
          "end": {
            "line": 87,
            "column": 62
          }
        },
        "44": {
          "start": {
            "line": 88,
            "column": 8
          },
          "end": {
            "line": 97,
            "column": 12
          }
        },
        "45": {
          "start": {
            "line": 89,
            "column": 10
          },
          "end": {
            "line": 92,
            "column": 25
          }
        },
        "46": {
          "start": {
            "line": 94,
            "column": 10
          },
          "end": {
            "line": 97,
            "column": 12
          }
        },
        "47": {
          "start": {
            "line": 98,
            "column": 8
          },
          "end": {
            "line": 98,
            "column": 14
          }
        },
        "48": {
          "start": {
            "line": 105,
            "column": 22
          },
          "end": {
            "line": 105,
            "column": 75
          }
        },
        "49": {
          "start": {
            "line": 107,
            "column": 2
          },
          "end": {
            "line": 110,
            "column": 19
          }
        },
        "50": {
          "start": {
            "line": 113,
            "column": 0
          },
          "end": {
            "line": 113,
            "column": 36
          }
        }
      },
      "fnMap": {
        "0": {
          "name": "PersonalInfoIntent",
          "decl": {
            "start": {
              "line": 5,
              "column": 15
            },
            "end": {
              "line": 5,
              "column": 33
            }
          },
          "loc": {
            "start": {
              "line": 5,
              "column": 48
            },
            "end": {
              "line": 111,
              "column": 1
            }
          },
          "line": 5
        }
      },
      "branchMap": {
        "0": {
          "loc": {
            "start": {
              "line": 14,
              "column": 2
            },
            "end": {
              "line": 103,
              "column": 3
            }
          },
          "type": "if",
          "locations": [
            {
              "start": {
                "line": 14,
                "column": 2
              },
              "end": {
                "line": 103,
                "column": 3
              }
            },
            {
              "start": {
                "line": 14,
                "column": 2
              },
              "end": {
                "line": 103,
                "column": 3
              }
            }
          ],
          "line": 14
        },
        "1": {
          "loc": {
            "start": {
              "line": 15,
              "column": 4
            },
            "end": {
              "line": 99,
              "column": 5
            }
          },
          "type": "switch",
          "locations": [
            {
              "start": {
                "line": 16,
                "column": 6
              },
              "end": {
                "line": 24,
                "column": 14
              }
            },
            {
              "start": {
                "line": 25,
                "column": 6
              },
              "end": {
                "line": 33,
                "column": 14
              }
            },
            {
              "start": {
                "line": 34,
                "column": 6
              },
              "end": {
                "line": 48,
                "column": 14
              }
            },
            {
              "start": {
                "line": 49,
                "column": 6
              },
              "end": {
                "line": 65,
                "column": 14
              }
            },
            {
              "start": {
                "line": 66,
                "column": 6
              },
              "end": {
                "line": 75,
                "column": 14
              }
            },
            {
              "start": {
                "line": 76,
                "column": 6
              },
              "end": {
                "line": 85,
                "column": 14
              }
            },
            {
              "start": {
                "line": 86,
                "column": 6
              },
              "end": {
                "line": 98,
                "column": 14
              }
            }
          ],
          "line": 15
        },
        "2": {
          "loc": {
            "start": {
              "line": 18,
              "column": 8
            },
            "end": {
              "line": 23,
              "column": 13
            }
          },
          "type": "if",
          "locations": [
            {
              "start": {
                "line": 18,
                "column": 8
              },
              "end": {
                "line": 23,
                "column": 13
              }
            },
            {
              "start": {
                "line": 18,
                "column": 8
              },
              "end": {
                "line": 23,
                "column": 13
              }
            }
          ],
          "line": 18
        },
        "3": {
          "loc": {
            "start": {
              "line": 27,
              "column": 8
            },
            "end": {
              "line": 32,
              "column": 13
            }
          },
          "type": "if",
          "locations": [
            {
              "start": {
                "line": 27,
                "column": 8
              },
              "end": {
                "line": 32,
                "column": 13
              }
            },
            {
              "start": {
                "line": 27,
                "column": 8
              },
              "end": {
                "line": 32,
                "column": 13
              }
            }
          ],
          "line": 27
        },
        "4": {
          "loc": {
            "start": {
              "line": 36,
              "column": 8
            },
            "end": {
              "line": 47,
              "column": 13
            }
          },
          "type": "if",
          "locations": [
            {
              "start": {
                "line": 36,
                "column": 8
              },
              "end": {
                "line": 47,
                "column": 13
              }
            },
            {
              "start": {
                "line": 36,
                "column": 8
              },
              "end": {
                "line": 47,
                "column": 13
              }
            }
          ],
          "line": 36
        },
        "5": {
          "loc": {
            "start": {
              "line": 51,
              "column": 8
            },
            "end": {
              "line": 64,
              "column": 13
            }
          },
          "type": "if",
          "locations": [
            {
              "start": {
                "line": 51,
                "column": 8
              },
              "end": {
                "line": 64,
                "column": 13
              }
            },
            {
              "start": {
                "line": 51,
                "column": 8
              },
              "end": {
                "line": 64,
                "column": 13
              }
            }
          ],
          "line": 51
        },
        "6": {
          "loc": {
            "start": {
              "line": 68,
              "column": 8
            },
            "end": {
              "line": 74,
              "column": 12
            }
          },
          "type": "if",
          "locations": [
            {
              "start": {
                "line": 68,
                "column": 8
              },
              "end": {
                "line": 74,
                "column": 12
              }
            },
            {
              "start": {
                "line": 68,
                "column": 8
              },
              "end": {
                "line": 74,
                "column": 12
              }
            }
          ],
          "line": 68
        },
        "7": {
          "loc": {
            "start": {
              "line": 78,
              "column": 8
            },
            "end": {
              "line": 84,
              "column": 12
            }
          },
          "type": "if",
          "locations": [
            {
              "start": {
                "line": 78,
                "column": 8
              },
              "end": {
                "line": 84,
                "column": 12
              }
            },
            {
              "start": {
                "line": 78,
                "column": 8
              },
              "end": {
                "line": 84,
                "column": 12
              }
            }
          ],
          "line": 78
        },
        "8": {
          "loc": {
            "start": {
              "line": 88,
              "column": 8
            },
            "end": {
              "line": 97,
              "column": 12
            }
          },
          "type": "if",
          "locations": [
            {
              "start": {
                "line": 88,
                "column": 8
              },
              "end": {
                "line": 97,
                "column": 12
              }
            },
            {
              "start": {
                "line": 88,
                "column": 8
              },
              "end": {
                "line": 97,
                "column": 12
              }
            }
          ],
          "line": 88
        }
      },
      "s": {
        "0": 0,
        "1": 0,
        "2": 0,
        "3": 0,
        "4": 0,
        "5": 0,
        "6": 0,
        "7": 0,
        "8": 0,
        "9": 0,
        "10": 0,
        "11": 0,
        "12": 0,
        "13": 0,
        "14": 0,
        "15": 0,
        "16": 0,
        "17": 0,
        "18": 0,
        "19": 0,
        "20": 0,
        "21": 0,
        "22": 0,
        "23": 0,
        "24": 0,
        "25": 0,
        "26": 0,
        "27": 0,
        "28": 0,
        "29": 0,
        "30": 0,
        "31": 0,
        "32": 0,
        "33": 0,
        "34": 0,
        "35": 0,
        "36": 0,
        "37": 0,
        "38": 0,
        "39": 0,
        "40": 0,
        "41": 0,
        "42": 0,
        "43": 0,
        "44": 0,
        "45": 0,
        "46": 0,
        "47": 0,
        "48": 0,
        "49": 0,
        "50": 0
      },
      "f": {
        "0": 0
      },
      "b": {
        "0": [
          0,
          0
        ],
        "1": [
          0,
          0,
          0,
          0,
          0,
          0,
          0
        ],
        "2": [
          0,
          0
        ],
        "3": [
          0,
          0
        ],
        "4": [
          0,
          0
        ],
        "5": [
          0,
          0
        ],
        "6": [
          0,
          0
        ],
        "7": [
          0,
          0
        ],
        "8": [
          0,
          0
        ]
      },
      "hash": "5d184d35884a2244b55451bbdc00382f435d54ca"
    },
    "/Users/jeffblan/GitHub/AlexaDevTips/lambda/handler/ChangeVoiceIntent.js": {
      "path": "/Users/jeffblan/GitHub/AlexaDevTips/lambda/handler/ChangeVoiceIntent.js",
      "statementMap": {
        "0": {
          "start": {
            "line": 1,
            "column": 17
          },
          "end": {
            "line": 1,
            "column": 39
          }
        },
        "1": {
          "start": {
            "line": 2,
            "column": 15
          },
          "end": {
            "line": 2,
            "column": 35
          }
        },
        "2": {
          "start": {
            "line": 5,
            "column": 2
          },
          "end": {
            "line": 5,
            "column": 56
          }
        },
        "3": {
          "start": {
            "line": 6,
            "column": 2
          },
          "end": {
            "line": 6,
            "column": 54
          }
        },
        "4": {
          "start": {
            "line": 7,
            "column": 17
          },
          "end": {
            "line": 7,
            "column": 47
          }
        },
        "5": {
          "start": {
            "line": 9,
            "column": 22
          },
          "end": {
            "line": 9,
            "column": 66
          }
        },
        "6": {
          "start": {
            "line": 10,
            "column": 24
          },
          "end": {
            "line": 10,
            "column": 70
          }
        },
        "7": {
          "start": {
            "line": 11,
            "column": 20
          },
          "end": {
            "line": 11,
            "column": 22
          }
        },
        "8": {
          "start": {
            "line": 12,
            "column": 2
          },
          "end": {
            "line": 21,
            "column": 3
          }
        },
        "9": {
          "start": {
            "line": 13,
            "column": 4
          },
          "end": {
            "line": 16,
            "column": 6
          }
        },
        "10": {
          "start": {
            "line": 17,
            "column": 4
          },
          "end": {
            "line": 17,
            "column": 81
          }
        },
        "11": {
          "start": {
            "line": 20,
            "column": 4
          },
          "end": {
            "line": 20,
            "column": 70
          }
        },
        "12": {
          "start": {
            "line": 23,
            "column": 20
          },
          "end": {
            "line": 23,
            "column": 73
          }
        },
        "13": {
          "start": {
            "line": 24,
            "column": 2
          },
          "end": {
            "line": 27,
            "column": 19
          }
        },
        "14": {
          "start": {
            "line": 30,
            "column": 0
          },
          "end": {
            "line": 30,
            "column": 35
          }
        }
      },
      "fnMap": {
        "0": {
          "name": "ChangeVoiceIntent",
          "decl": {
            "start": {
              "line": 4,
              "column": 15
            },
            "end": {
              "line": 4,
              "column": 32
            }
          },
          "loc": {
            "start": {
              "line": 4,
              "column": 47
            },
            "end": {
              "line": 28,
              "column": 1
            }
          },
          "line": 4
        }
      },
      "branchMap": {
        "0": {
          "loc": {
            "start": {
              "line": 12,
              "column": 2
            },
            "end": {
              "line": 21,
              "column": 3
            }
          },
          "type": "if",
          "locations": [
            {
              "start": {
                "line": 12,
                "column": 2
              },
              "end": {
                "line": 21,
                "column": 3
              }
            },
            {
              "start": {
                "line": 12,
                "column": 2
              },
              "end": {
                "line": 21,
                "column": 3
              }
            }
          ],
          "line": 12
        }
      },
      "s": {
        "0": 0,
        "1": 0,
        "2": 0,
        "3": 0,
        "4": 0,
        "5": 0,
        "6": 0,
        "7": 0,
        "8": 0,
        "9": 0,
        "10": 0,
        "11": 0,
        "12": 0,
        "13": 0,
        "14": 0
      },
      "f": {
        "0": 0
      },
      "b": {
        "0": [
          0,
          0
        ]
      },
      "hash": "4fa30a6a68bdc5e5b5b8f5c7ae93852239957e11"
    },
    "/Users/jeffblan/GitHub/AlexaDevTips/lambda/handler/intentReflector.js": {
      "path": "/Users/jeffblan/GitHub/AlexaDevTips/lambda/handler/intentReflector.js",
      "statementMap": {
        "0": {
          "start": {
            "line": 1,
            "column": 17
          },
          "end": {
            "line": 1,
            "column": 39
          }
        },
        "1": {
          "start": {
            "line": 2,
            "column": 15
          },
          "end": {
            "line": 2,
            "column": 35
          }
        },
        "2": {
          "start": {
            "line": 5,
            "column": 2
          },
          "end": {
            "line": 5,
            "column": 54
          }
        },
        "3": {
          "start": {
            "line": 6,
            "column": 17
          },
          "end": {
            "line": 6,
            "column": 47
          }
        },
        "4": {
          "start": {
            "line": 7,
            "column": 21
          },
          "end": {
            "line": 7,
            "column": 55
          }
        },
        "5": {
          "start": {
            "line": 8,
            "column": 22
          },
          "end": {
            "line": 8,
            "column": 58
          }
        },
        "6": {
          "start": {
            "line": 10,
            "column": 20
          },
          "end": {
            "line": 10,
            "column": 73
          }
        },
        "7": {
          "start": {
            "line": 11,
            "column": 2
          },
          "end": {
            "line": 14,
            "column": 19
          }
        },
        "8": {
          "start": {
            "line": 17,
            "column": 0
          },
          "end": {
            "line": 17,
            "column": 33
          }
        }
      },
      "fnMap": {
        "0": {
          "name": "intentReflector",
          "decl": {
            "start": {
              "line": 4,
              "column": 15
            },
            "end": {
              "line": 4,
              "column": 30
            }
          },
          "loc": {
            "start": {
              "line": 4,
              "column": 45
            },
            "end": {
              "line": 15,
              "column": 1
            }
          },
          "line": 4
        }
      },
      "branchMap": {},
      "s": {
        "0": 0,
        "1": 0,
        "2": 0,
        "3": 0,
        "4": 0,
        "5": 0,
        "6": 0,
        "7": 0,
        "8": 0
      },
      "f": {
        "0": 0
      },
      "b": {},
      "hash": "24d7aeedcd4f05589897c5db27809772c71862ae"
    },
    "/Users/jeffblan/GitHub/AlexaDevTips/lambda/handler/APLTemplateIntent.js": {
      "path": "/Users/jeffblan/GitHub/AlexaDevTips/lambda/handler/APLTemplateIntent.js",
      "statementMap": {
        "0": {
          "start": {
            "line": 1,
            "column": 17
          },
          "end": {
            "line": 1,
            "column": 39
          }
        },
        "1": {
          "start": {
            "line": 2,
            "column": 15
          },
          "end": {
            "line": 2,
            "column": 35
          }
        },
        "2": {
          "start": {
            "line": 5,
            "column": 2
          },
          "end": {
            "line": 5,
            "column": 56
          }
        },
        "3": {
          "start": {
            "line": 6,
            "column": 2
          },
          "end": {
            "line": 6,
            "column": 54
          }
        },
        "4": {
          "start": {
            "line": 7,
            "column": 17
          },
          "end": {
            "line": 7,
            "column": 47
          }
        },
        "5": {
          "start": {
            "line": 8,
            "column": 22
          },
          "end": {
            "line": 8,
            "column": 72
          }
        },
        "6": {
          "start": {
            "line": 9,
            "column": 24
          },
          "end": {
            "line": 9,
            "column": 76
          }
        },
        "7": {
          "start": {
            "line": 10,
            "column": 20
          },
          "end": {
            "line": 10,
            "column": 22
          }
        },
        "8": {
          "start": {
            "line": 11,
            "column": 20
          },
          "end": {
            "line": 11,
            "column": 73
          }
        },
        "9": {
          "start": {
            "line": 13,
            "column": 2
          },
          "end": {
            "line": 38,
            "column": 3
          }
        },
        "10": {
          "start": {
            "line": 14,
            "column": 4
          },
          "end": {
            "line": 35,
            "column": 5
          }
        },
        "11": {
          "start": {
            "line": 15,
            "column": 6
          },
          "end": {
            "line": 15,
            "column": 95
          }
        },
        "12": {
          "start": {
            "line": 16,
            "column": 18
          },
          "end": {
            "line": 16,
            "column": 78
          }
        },
        "13": {
          "start": {
            "line": 17,
            "column": 6
          },
          "end": {
            "line": 23,
            "column": 9
          }
        },
        "14": {
          "start": {
            "line": 24,
            "column": 11
          },
          "end": {
            "line": 35,
            "column": 5
          }
        },
        "15": {
          "start": {
            "line": 25,
            "column": 6
          },
          "end": {
            "line": 29,
            "column": 11
          }
        },
        "16": {
          "start": {
            "line": 32,
            "column": 21
          },
          "end": {
            "line": 32,
            "column": 71
          }
        },
        "17": {
          "start": {
            "line": 33,
            "column": 6
          },
          "end": {
            "line": 33,
            "column": 56
          }
        },
        "18": {
          "start": {
            "line": 34,
            "column": 6
          },
          "end": {
            "line": 34,
            "column": 110
          }
        },
        "19": {
          "start": {
            "line": 37,
            "column": 4
          },
          "end": {
            "line": 37,
            "column": 66
          }
        },
        "20": {
          "start": {
            "line": 40,
            "column": 2
          },
          "end": {
            "line": 43,
            "column": 19
          }
        },
        "21": {
          "start": {
            "line": 46,
            "column": 0
          },
          "end": {
            "line": 46,
            "column": 35
          }
        }
      },
      "fnMap": {
        "0": {
          "name": "APLTemplateIntent",
          "decl": {
            "start": {
              "line": 4,
              "column": 15
            },
            "end": {
              "line": 4,
              "column": 32
            }
          },
          "loc": {
            "start": {
              "line": 4,
              "column": 47
            },
            "end": {
              "line": 44,
              "column": 1
            }
          },
          "line": 4
        }
      },
      "branchMap": {
        "0": {
          "loc": {
            "start": {
              "line": 13,
              "column": 2
            },
            "end": {
              "line": 38,
              "column": 3
            }
          },
          "type": "if",
          "locations": [
            {
              "start": {
                "line": 13,
                "column": 2
              },
              "end": {
                "line": 38,
                "column": 3
              }
            },
            {
              "start": {
                "line": 13,
                "column": 2
              },
              "end": {
                "line": 38,
                "column": 3
              }
            }
          ],
          "line": 13
        },
        "1": {
          "loc": {
            "start": {
              "line": 14,
              "column": 4
            },
            "end": {
              "line": 35,
              "column": 5
            }
          },
          "type": "if",
          "locations": [
            {
              "start": {
                "line": 14,
                "column": 4
              },
              "end": {
                "line": 35,
                "column": 5
              }
            },
            {
              "start": {
                "line": 14,
                "column": 4
              },
              "end": {
                "line": 35,
                "column": 5
              }
            }
          ],
          "line": 14
        },
        "2": {
          "loc": {
            "start": {
              "line": 14,
              "column": 8
            },
            "end": {
              "line": 14,
              "column": 51
            }
          },
          "type": "binary-expr",
          "locations": [
            {
              "start": {
                "line": 14,
                "column": 8
              },
              "end": {
                "line": 14,
                "column": 21
              }
            },
            {
              "start": {
                "line": 14,
                "column": 25
              },
              "end": {
                "line": 14,
                "column": 51
              }
            }
          ],
          "line": 14
        },
        "3": {
          "loc": {
            "start": {
              "line": 24,
              "column": 11
            },
            "end": {
              "line": 35,
              "column": 5
            }
          },
          "type": "if",
          "locations": [
            {
              "start": {
                "line": 24,
                "column": 11
              },
              "end": {
                "line": 35,
                "column": 5
              }
            },
            {
              "start": {
                "line": 24,
                "column": 11
              },
              "end": {
                "line": 35,
                "column": 5
              }
            }
          ],
          "line": 24
        },
        "4": {
          "loc": {
            "start": {
              "line": 24,
              "column": 15
            },
            "end": {
              "line": 24,
              "column": 56
            }
          },
          "type": "binary-expr",
          "locations": [
            {
              "start": {
                "line": 24,
                "column": 15
[...]
              "column": 32
            }
          },
          "loc": {
            "start": {
              "line": 52,
              "column": 41
            },
            "end": {
              "line": 60,
              "column": 1
            }
          },
          "line": 52
        },
        "6": {
          "name": "supportsAPL",
          "decl": {
            "start": {
              "line": 62,
              "column": 9
            },
            "end": {
              "line": 62,
              "column": 20
            }
          },
          "loc": {
            "start": {
              "line": 62,
              "column": 35
            },
            "end": {
              "line": 88,
              "column": 1
            }
          },
          "line": 62
        },
        "7": {
          "name": "getRandomItem",
          "decl": {
            "start": {
              "line": 90,
              "column": 9
            },
            "end": {
              "line": 90,
              "column": 22
            }
          },
          "loc": {
            "start": {
              "line": 90,
              "column": 30
            },
            "end": {
              "line": 93,
              "column": 1
            }
          },
          "line": 90
        },
        "8": {
          "name": "getRandom",
          "decl": {
            "start": {
              "line": 95,
              "column": 9
            },
            "end": {
              "line": 95,
              "column": 18
            }
          },
          "loc": {
            "start": {
              "line": 95,
              "column": 29
            },
            "end": {
              "line": 97,
              "column": 1
            }
          },
          "line": 95
        },
        "9": {
          "name": "isProduct",
          "decl": {
            "start": {
              "line": 99,
              "column": 9
            },
            "end": {
              "line": 99,
              "column": 18
            }
          },
          "loc": {
            "start": {
              "line": 99,
              "column": 28
            },
            "end": {
              "line": 101,
              "column": 1
            }
          },
          "line": 99
        },
        "10": {
          "name": "isEntitled",
          "decl": {
            "start": {
              "line": 103,
              "column": 9
            },
            "end": {
              "line": 103,
              "column": 19
            }
          },
          "loc": {
            "start": {
              "line": 103,
              "column": 29
            },
            "end": {
              "line": 105,
              "column": 1
            }
          },
          "line": 103
        },
        "11": {
          "name": "wrapSpeechcon",
          "decl": {
            "start": {
              "line": 107,
              "column": 9
            },
            "end": {
              "line": 107,
              "column": 22
            }
          },
          "loc": {
            "start": {
              "line": 107,
              "column": 34
            },
            "end": {
              "line": 113,
              "column": 1
            }
          },
          "line": 107
        },
        "12": {
          "name": "changeVoice",
          "decl": {
            "start": {
              "line": 115,
              "column": 9
            },
            "end": {
              "line": 115,
              "column": 20
            }
          },
          "loc": {
            "start": {
              "line": 115,
              "column": 43
            },
            "end": {
              "line": 126,
              "column": 1
            }
          },
          "line": 115
        },
        "13": {
          "name": "getIntentName",
          "decl": {
            "start": {
              "line": 128,
              "column": 9
            },
            "end": {
              "line": 128,
              "column": 22
            }
          },
          "loc": {
            "start": {
              "line": 128,
              "column": 37
            },
            "end": {
              "line": 132,
              "column": 1
            }
          },
          "line": 128
        },
        "14": {
          "name": "putRepeatData",
          "decl": {
            "start": {
              "line": 134,
              "column": 9
            },
            "end": {
              "line": 134,
              "column": 22
            }
          },
          "loc": {
            "start": {
              "line": 134,
              "column": 37
            },
            "end": {
              "line": 151,
              "column": 1
            }
          },
          "line": 134
        }
      },
      "branchMap": {
        "0": {
          "loc": {
            "start": {
              "line": 25,
              "column": 2
            },
            "end": {
              "line": 49,
              "column": 26
            }
          },
          "type": "if",
          "locations": [
            {
              "start": {
                "line": 25,
                "column": 2
              },
              "end": {
                "line": 49,
                "column": 26
              }
            },
            {
              "start": {
                "line": 25,
                "column": 2
              },
              "end": {
                "line": 49,
                "column": 26
              }
            }
          ],
          "line": 25
        },
        "1": {
          "loc": {
            "start": {
              "line": 38,
              "column": 6
            },
            "end": {
              "line": 47,
              "column": 57
            }
          },
          "type": "if",
          "locations": [
            {
              "start": {
                "line": 38,
                "column": 6
              },
              "end": {
                "line": 47,
                "column": 57
              }
            },
            {
              "start": {
                "line": 38,
                "column": 6
              },
              "end": {
                "line": 47,
                "column": 57
              }
            }
          ],
          "line": 38
        },
        "2": {
          "loc": {
            "start": {
              "line": 39,
              "column": 8
            },
            "end": {
              "line": 44,
              "column": 47
            }
          },
          "type": "binary-expr",
          "locations": [
            {
              "start": {
                "line": 39,
                "column": 8
              },
              "end": {
                "line": 40,
                "column": 37
              }
            },
            {
              "start": {
                "line": 41,
                "column": 8
              },
              "end": {
                "line": 42,
                "column": 44
              }
            },
            {
              "start": {
                "line": 43,
                "column": 8
              },
              "end": {
                "line": 44,
                "column": 47
              }
            }
          ],
          "line": 39
        },
        "3": {
          "loc": {
            "start": {
              "line": 55,
              "column": 4
            },
            "end": {
              "line": 55,
              "column": 31
            }
          },
          "type": "if",
          "locations": [
            {
              "start": {
                "line": 55,
                "column": 4
              },
              "end": {
                "line": 55,
                "column": 31
              }
            },
            {
              "start": {
                "line": 55,
                "column": 4
              },
              "end": {
                "line": 55,
                "column": 31
              }
            }
          ],
          "line": 55
        },
        "4": {
          "loc": {
            "start": {
              "line": 56,
              "column": 4
            },
            "end": {
              "line": 56,
              "column": 50
            }
          },
          "type": "if",
          "locations": [
            {
              "start": {
                "line": 56,
                "column": 4
              },
              "end": {
                "line": 56,
                "column": 50
              }
            },
            {
              "start": {
                "line": 56,
                "column": 4
              },
              "end": {
                "line": 56,
                "column": 50
              }
            }
          ],
          "line": 56
        },
        "5": {
          "loc": {
            "start": {
              "line": 63,
              "column": 2
            },
            "end": {
              "line": 74,
              "column": 16
            }
          },
          "type": "if",
          "locations": [
            {
              "start": {
                "line": 63,
                "column": 2
              },
              "end": {
                "line": 74,
                "column": 16
              }
            },
            {
              "start": {
                "line": 63,
                "column": 2
              },
              "end": {
                "line": 74,
                "column": 16
              }
            }
          ],
          "line": 63
        },
        "6": {
          "loc": {
            "start": {
              "line": 64,
              "column": 4
            },
            "end": {
              "line": 72,
              "column": 5
            }
          },
          "type": "binary-expr",
          "locations": [
            {
              "start": {
                "line": 64,
                "column": 4
              },
              "end": {
                "line": 64,
                "column": 16
              }
            },
            {
              "start": {
                "line": 65,
                "column": 4
              },
              "end": {
                "line": 65,
                "column": 32
              }
            },
            {
              "start": {
                "line": 66,
                "column": 4
              },
              "end": {
                "line": 66,
                "column": 40
              }
            },
            {
              "start": {
                "line": 67,
                "column": 4
              },
              "end": {
                "line": 67,
                "column": 47
              }
            },
            {
              "start": {
                "line": 68,
                "column": 4
              },
              "end": {
                "line": 68,
                "column": 54
              }
            },
            {
              "start": {
                "line": 69,
                "column": 4
              },
              "end": {
                "line": 69,
                "column": 74
              }
            },
            {
              "start": {
                "line": 70,
                "column": 4
              },
              "end": {
                "line": 72,
                "column": 5
              }
            }
          ],
          "line": 64
        },
        "7": {
          "loc": {
            "start": {
              "line": 100,
              "column": 9
            },
            "end": {
              "line": 100,
              "column": 51
            }
          },
          "type": "binary-expr",
          "locations": [
            {
              "start": {
                "line": 100,
                "column": 9
              },
              "end": {
                "line": 100,
                "column": 16
              }
            },
            {
              "start": {
                "line": 100,
                "column": 20
              },
              "end": {
                "line": 100,
                "column": 51
              }
            }
          ],
          "line": 100
        },
        "8": {
          "loc": {
            "start": {
              "line": 104,
              "column": 9
            },
            "end": {
              "line": 104,
              "column": 62
            }
          },
          "type": "binary-expr",
          "locations": [
            {
              "start": {
                "line": 104,
                "column": 9
              },
              "end": {
                "line": 104,
                "column": 27
              }
            },
            {
              "start": {
                "line": 104,
                "column": 31
              },
              "end": {
                "line": 104,
                "column": 62
              }
            }
          ],
          "line": 104
        },
        "9": {
          "loc": {
            "start": {
              "line": 117,
              "column": 2
            },
            "end": {
              "line": 125,
              "column": 23
            }
          },
          "type": "if",
          "locations": [
            {
              "start": {
                "line": 117,
                "column": 2
              },
              "end": {
                "line": 125,
                "column": 23
              }
            },
            {
              "start": {
                "line": 117,
                "column": 2
              },
              "end": {
                "line": 125,
                "column": 23
              }
            }
          ],
          "line": 117
        },
        "10": {
          "loc": {
            "start": {
              "line": 129,
              "column": 2
            },
            "end": {
              "line": 131,
              "column": 56
            }
          },
          "type": "if",
          "locations": [
            {
              "start": {
                "line": 129,
                "column": 2
              },
              "end": {
                "line": 131,
                "column": 56
              }
            },
            {
              "start": {
                "line": 129,
                "column": 2
              },
              "end": {
                "line": 131,
                "column": 56
              }
            }
          ],
          "line": 129
        },
        "11": {
          "loc": {
            "start": {
              "line": 137,
              "column": 2
            },
            "end": {
              "line": 141,
              "column": 3
            }
          },
          "type": "if",
          "locations": [
            {
              "start": {
                "line": 137,
                "column": 2
              },
              "end": {
                "line": 141,
                "column": 3
              }
            },
            {
              "start": {
                "line": 137,
                "column": 2
              },
              "end": {
                "line": 141,
                "column": 3
              }
            }
          ],
          "line": 137
        },
        "12": {
          "loc": {
            "start": {
              "line": 137,
              "column": 6
            },
            "end": {
              "line": 137,
              "column": 57
            }
          },
          "type": "binary-expr",
          "locations": [
            {
              "start": {
                "line": 137,
                "column": 6
              },
              "end": {
                "line": 137,
                "column": 27
              }
            },
            {
              "start": {
                "line": 137,
                "column": 31
              },
              "end": {
                "line": 137,
                "column": 57
              }
            }
          ],
          "line": 137
        },
        "13": {
          "loc": {
            "start": {
              "line": 142,
              "column": 2
            },
            "end": {
              "line": 150,
              "column": 3
            }
          },
          "type": "if",
          "locations": [
            {
              "start": {
                "line": 142,
                "column": 2
              },
              "end": {
                "line": 150,
                "column": 3
              }
            },
            {
              "start": {
                "line": 142,
                "column": 2
              },
              "end": {
                "line": 150,
                "column": 3
              }
            }
          ],
          "line": 142
        },
        "14": {
          "loc": {
            "start": {
              "line": 143,
              "column": 4
            },
            "end": {
              "line": 145,
              "column": 39
            }
          },
          "type": "binary-expr",
          "locations": [
            {
              "start": {
                "line": 143,
                "column": 4
              },
              "end": {
                "line": 143,
                "column": 21
              }
            },
            {
              "start": {
                "line": 144,
                "column": 4
              },
              "end": {
                "line": 144,
                "column": 34
              }
            },
            {
              "start": {
                "line": 145,
                "column": 4
              },
              "end": {
                "line": 145,
                "column": 39
              }
            }
          ],
          "line": 143
        }
      },
      "s": {
        "0": 0,
        "1": 0,
        "2": 0,
        "3": 0,
        "4": 0,
        "5": 0,
        "6": 0,
        "7": 0,
        "8": 0,
        "9": 0,
        "10": 0,
        "11": 0,
        "12": 0,
        "13": 0,
        "14": 0,
        "15": 0,
        "16": 0,
        "17": 0,
        "18": 0,
        "19": 0,
        "20": 0,
        "21": 0,
        "22": 0,
        "23": 0,
        "24": 0,
        "25": 0,
        "26": 0,
        "27": 0,
        "28": 0,
        "29": 0,
        "30": 0,
        "31": 0,
        "32": 0,
        "33": 0,
        "34": 0,
        "35": 0,
        "36": 0,
        "37": 0,
        "38": 0,
        "39": 0,
        "40": 0,
        "41": 0,
        "42": 0,
        "43": 0
      },
      "f": {
        "0": 0,
        "1": 0,
        "2": 0,
        "3": 0,
        "4": 0,
        "5": 0,
        "6": 0,
        "7": 0,
        "8": 0,
        "9": 0,
        "10": 0,
        "11": 0,
        "12": 0,
        "13": 0,
        "14": 0
      },
      "b": {
        "0": [
          0,
          0
        ],
        "1": [
          0,
          0
        ],
        "2": [
          0,
          0,
          0
        ],
        "3": [
          0,
          0
        ],
        "4": [
          0,
          0
        ],
        "5": [
          0,
          0
        ],
        "6": [
          0,
          0,
          0,
          0,
          0,
          0,
          0
        ],
        "7": [
          0,
          0
        ],
        "8": [
          0,
          0
        ],
        "9": [
          0,
          0
        ],
        "10": [
          0,
          0
        ],
        "11": [
          0,
          0
        ],
        "12": [
          0,
          0
        ],
        "13": [
          0,
          0
        ],
        "14": [
          0,
          0,
          0
        ]
      },
      "hash": "11122d269910eca7e4a391ff221121b9e962f4a0"
    }
  }
}